<?xml version="1.0" encoding="utf-8"?><testsuites name="pytest tests"><testsuite name="pytest" errors="0" failures="0" skipped="1" tests="15" time="4.323" timestamp="2026-03-19T05:23:27.163392+00:00" hostname="agent-env-1c6f5c4a-217b-44d6-8ee7-9f3717ef3d67"><testcase classname="tests.test_production_api.TestProductionHealth" name="test_health_check" time="0.203" /><testcase classname="tests.test_production_api.TestProductionZipCodes" name="test_get_zip_codes_instacart" time="0.206" /><testcase classname="tests.test_production_api.TestProductionZipCodes" name="test_get_zip_codes_doordash" time="0.209" /><testcase classname="tests.test_production_api.TestProductionZipCodes" name="test_get_zip_codes_spark" time="0.212" /><testcase classname="tests.test_production_api.TestProductionGuides" name="test_guides_list" time="0.151" /><testcase classname="tests.test_production_api.TestProductionGuides" name="test_guide_download_instacart_en" time="0.142" /><testcase classname="tests.test_production_api.TestProductionGuides" name="test_guide_download_doordash_es" time="0.142" /><testcase classname="tests.test_production_api.TestProductionTerms" name="test_get_terms" time="0.205" /><testcase classname="tests.test_production_api.TestProductionStripe" name="test_stripe_config" time="0.172" /><testcase classname="tests.test_production_api.TestProductionStripe" name="test_create_checkout_session" time="0.511" /><testcase classname="tests.test_production_api.TestProductionStripe" name="test_create_checkout_without_terms_fails" time="0.145" /><testcase classname="tests.test_production_api.TestProductionStripe" name="test_check_payment_by_user" time="0.486" /><testcase classname="tests.test_production_api.TestProductionStripe" name="test_paid_apps_endpoint" time="0.889" /><testcase classname="tests.test_production_api.TestProductionAISearch" name="test_ai_search_instacart" time="0.265"><skipped type="pytest.xfail" message="LlmChat and UserMessage not imported in production" /></testcase><testcase classname="tests.test_production_api.TestProductionAPK" name="test_apk_info" time="0.206" /></testsuite></testsuites>