<?xml version="1.0" encoding="utf-8"?><testsuites name="pytest tests"><testsuite name="pytest" errors="0" failures="1" skipped="0" tests="20" time="4.643" timestamp="2026-03-18T03:46:49.695429+00:00" hostname="agent-env-1c6f5c4a-217b-44d6-8ee7-9f3717ef3d67"><testcase classname="tests.test_gig_zipfinder_api.TestHealthAndBasics" name="test_health_check" time="0.003" /><testcase classname="tests.test_gig_zipfinder_api.TestHealthAndBasics" name="test_api_base_accessible" time="0.002" /><testcase classname="tests.test_gig_zipfinder_api.TestZipCodes" name="test_get_zip_codes_instacart" time="0.003" /><testcase classname="tests.test_gig_zipfinder_api.TestZipCodes" name="test_get_zip_codes_doordash" time="0.002" /><testcase classname="tests.test_gig_zipfinder_api.TestZipCodes" name="test_get_zip_codes_spark" time="0.002" /><testcase classname="tests.test_gig_zipfinder_api.TestZipCodes" name="test_zip_codes_no_mongodb_id" time="0.002" /><testcase classname="tests.test_gig_zipfinder_api.TestGuides" name="test_guides_list" time="0.002" /><testcase classname="tests.test_gig_zipfinder_api.TestGuides" name="test_guides_list_structure" time="0.002" /><testcase classname="tests.test_gig_zipfinder_api.TestGuides" name="test_guide_download_url_format" time="0.001" /><testcase classname="tests.test_gig_zipfinder_api.TestTerms" name="test_get_terms" time="0.002" /><testcase classname="tests.test_gig_zipfinder_api.TestTerms" name="test_terms_no_mongodb_id" time="0.002" /><testcase classname="tests.test_gig_zipfinder_api.TestStripeEndpoints" name="test_stripe_config" time="0.001" /><testcase classname="tests.test_gig_zipfinder_api.TestStripeEndpoints" name="test_check_payment_by_user_invalid" time="0.487" /><testcase classname="tests.test_gig_zipfinder_api.TestStripeEndpoints" name="test_paid_apps_invalid_user" time="0.756" /><testcase classname="tests.test_gig_zipfinder_api.TestWebCheckoutSession" name="test_create_checkout_session_without_terms" time="0.311"><failure message="assert 200 in [400, 422]&#10; +  where 200 = &lt;Response [200]&gt;.status_code">tests/test_gig_zipfinder_api.py:210: in test_create_checkout_session_without_terms
    assert response.status_code in [400, 422]
E   assert 200 in [400, 422]
E    +  where 200 = &lt;Response [200]&gt;.status_code</failure></testcase><testcase classname="tests.test_gig_zipfinder_api.TestWebCheckoutSession" name="test_create_checkout_session_with_terms" time="0.309" /><testcase classname="tests.test_gig_zipfinder_api.TestGuideDownloads" name="test_guide_download_instacart_en" time="0.019" /><testcase classname="tests.test_gig_zipfinder_api.TestGuideDownloads" name="test_guide_download_invalid_app" time="0.002" /><testcase classname="tests.test_gig_zipfinder_api.TestGuideDownloads" name="test_guide_download_invalid_language" time="0.001" /><testcase classname="tests.test_gig_zipfinder_api.TestSearchZipCodes" name="test_search_zip_codes_instacart" time="2.645" /></testsuite></testsuites>