<?xml version="1.0" encoding="utf-8"?><testsuites name="pytest tests"><testsuite name="pytest" errors="0" failures="0" skipped="0" tests="7" time="1.252" timestamp="2026-03-01T08:39:59.730011+00:00" hostname="agent-env-1c6f5c4a-217b-44d6-8ee7-9f3717ef3d67"><testcase classname="backend.tests.test_api.TestHealthAndBase" name="test_base_api_endpoint" time="0.184" /><testcase classname="backend.tests.test_api.TestAPKEndpoints" name="test_apk_info_endpoint" time="0.138" /><testcase classname="backend.tests.test_api.TestAPKEndpoints" name="test_apk_download_without_file" time="0.214" /><testcase classname="backend.tests.test_api.TestSettingsEndpoints" name="test_get_store_links" time="0.105" /><testcase classname="backend.tests.test_api.TestSettingsEndpoints" name="test_update_store_links" time="0.226" /><testcase classname="backend.tests.test_api.TestStatusEndpoints" name="test_create_status_check" time="0.122" /><testcase classname="backend.tests.test_api.TestStatusEndpoints" name="test_get_status_checks" time="0.109" /></testsuite></testsuites>